<?xml version="1.0" encoding="UTF-8"?>
<!-- Generated by org.testng.reporters.JUnitReportReporter -->
<testsuite skipped="0" hostname="DESKTOP-PR4GISP" name="org.example.testRunner.runners" tests="19" failures="2" timestamp="2022-09-12T17:56:44 EET" time="249.789" errors="1">
  <testcase name="runScenario" time="11.623" classname="org.example.testRunner.runners"/>
  <system-out/>
  <testcase name="runScenario" time="11.462" classname="org.example.testRunner.runners"/>
  <system-out/>
  <testcase name="runScenario" time="26.640" classname="org.example.testRunner.runners"/>
  <system-out/>
  <testcase name="runScenario" time="11.278" classname="org.example.testRunner.runners"/>
  <system-out/>
  <testcase name="runScenario" time="13.715" classname="org.example.testRunner.runners">
    <error type="java.lang.IndexOutOfBoundsException" message="Index: 1, Size: 1">
      <![CDATA[java.lang.IndexOutOfBoundsException: Index: 1, Size: 1
at java.util.ArrayList.rangeCheck(ArrayList.java:659)
at java.util.ArrayList.get(ArrayList.java:435)
at org.example.stepDefs.D07_followUsStepDef.verifyRssTap(D07_followUsStepDef.java:56)
at ✽.verify that rss tap is open(file:///E:/My_Work/Automation_Project/mostafa_demonopcommerce/demonopcommerce/src/main/resources/features/F07_FollowUs.feature:13)
]]>
    </error>
  </testcase> <!-- runScenario -->
  <system-out/>
  <testcase name="runScenario" time="11.685" classname="org.example.testRunner.runners"/>
  <system-out/>
  <testcase name="runScenario" time="12.099" classname="org.example.testRunner.runners"/>
  <system-out/>
  <testcase name="runScenario" time="11.318" classname="org.example.testRunner.runners"/>
  <system-out/>
  <testcase name="runScenario" time="11.222" classname="org.example.testRunner.runners"/>
  <system-out/>
  <testcase name="runScenario" time="10.763" classname="org.example.testRunner.runners"/>
  <system-out/>
  <testcase name="runScenario" time="14.304" classname="org.example.testRunner.runners">
    <failure type="java.lang.AssertionError" message="expected [true] but found [false]">
      <![CDATA[java.lang.AssertionError: expected [true] but found [false]
at org.testng.Assert.fail(Assert.java:110)
at org.testng.Assert.failNotEquals(Assert.java:1413)
at org.testng.Assert.assertTrue(Assert.java:56)
at org.testng.Assert.assertTrue(Assert.java:66)
at org.example.stepDefs.D06_homeSlidersStepDef.assertSecondSliderUrl(D06_homeSlidersStepDef.java:32)
at ✽.assert that relative product for second slider is opened and url is changed(file:///E:/My_Work/Automation_Project/mostafa_demonopcommerce/demonopcommerce/src/main/resources/features/F06_HomeSliders.feature:10)
]]>
    </failure>
  </testcase> <!-- runScenario -->
  <system-out/>
  <testcase name="runScenario" time="12.871" classname="org.example.testRunner.runners"/>
  <system-out/>
  <testcase name="runScenario" time="16.436" classname="org.example.testRunner.runners"/>
  <system-out/>
  <testcase name="runScenario" time="11.107" classname="org.example.testRunner.runners"/>
  <system-out/>
  <testcase name="runScenario" time="12.159" classname="org.example.testRunner.runners"/>
  <system-out/>
  <testcase name="runScenario" time="12.394" classname="org.example.testRunner.runners"/>
  <system-out/>
  <testcase name="runScenario" time="9.729" classname="org.example.testRunner.runners">
    <failure type="java.lang.AssertionError" message="expected [true] but found [false]">
      <![CDATA[java.lang.AssertionError: expected [true] but found [false]
at org.testng.Assert.fail(Assert.java:110)
at org.testng.Assert.failNotEquals(Assert.java:1413)
at org.testng.Assert.assertTrue(Assert.java:56)
at org.testng.Assert.assertTrue(Assert.java:66)
at org.example.stepDefs.D06_homeSlidersStepDef.assertFirstSliderUrl(D06_homeSlidersStepDef.java:20)
at ✽.assert that relative product for first slider is opened and url is changed(file:///E:/My_Work/Automation_Project/mostafa_demonopcommerce/demonopcommerce/src/main/resources/features/F06_HomeSliders.feature:6)
]]>
    </failure>
  </testcase> <!-- runScenario -->
  <system-out/>
  <testcase name="runScenario" time="12.061" classname="org.example.testRunner.runners"/>
  <system-out/>
  <testcase name="runScenario" time="16.923" classname="org.example.testRunner.runners"/>
  <system-out/>
</testsuite> <!-- org.example.testRunner.runners -->
